<?xml version="1.0" encoding="UTF-8"?>
<coverage generated="1622415603766" clover="3.2.0">
  <project timestamp="1622415603766" name="All files">
    <metrics statements="63" coveredstatements="51" conditionals="10" coveredconditionals="2" methods="24" coveredmethods="18" elements="97" coveredelements="71" complexity="0" loc="63" ncloc="63" packages="3" files="9" classes="9"/>
    <package name="db">
      <metrics statements="17" coveredstatements="17" conditionals="8" coveredconditionals="1" methods="5" coveredmethods="5"/>
      <file name="artistFuncs.js" path="/Users/brenmurrell/dev/personal/vinylbase2/server/db/artistFuncs.js">
        <metrics statements="15" coveredstatements="15" conditionals="8" coveredconditionals="1" methods="5" coveredmethods="5"/>
        <line num="1" count="1" type="stmt"/>
        <line num="2" count="1" type="stmt"/>
        <line num="3" count="1" type="cond" truecount="1" falsecount="1"/>
        <line num="5" count="1" type="stmt"/>
        <line num="7" count="1" type="cond" truecount="0" falsecount="1"/>
        <line num="8" count="4" type="stmt"/>
        <line num="13" count="1" type="cond" truecount="0" falsecount="2"/>
        <line num="14" count="1" type="stmt"/>
        <line num="19" count="1" type="cond" truecount="0" falsecount="1"/>
        <line num="20" count="1" type="stmt"/>
        <line num="26" count="1" type="cond" truecount="0" falsecount="1"/>
        <line num="27" count="1" type="stmt"/>
        <line num="32" count="1" type="cond" truecount="0" falsecount="1"/>
        <line num="33" count="1" type="stmt"/>
        <line num="38" count="1" type="stmt"/>
      </file>
      <file name="knexfile.js" path="/Users/brenmurrell/dev/personal/vinylbase2/server/db/knexfile.js">
        <metrics statements="2" coveredstatements="2" conditionals="0" coveredconditionals="0" methods="0" coveredmethods="0"/>
        <line num="1" count="1" type="stmt"/>
        <line num="3" count="1" type="stmt"/>
      </file>
    </package>
    <package name="db.migrations">
      <metrics statements="30" coveredstatements="26" conditionals="0" coveredconditionals="0" methods="12" coveredmethods="8"/>
      <file name="20210531071646_artists.js" path="/Users/brenmurrell/dev/personal/vinylbase2/server/db/migrations/20210531071646_artists.js">
        <metrics statements="7" coveredstatements="6" conditionals="0" coveredconditionals="0" methods="3" coveredmethods="2"/>
        <line num="1" count="1" type="stmt"/>
        <line num="2" count="1" type="stmt"/>
        <line num="3" count="1" type="stmt"/>
        <line num="4" count="1" type="stmt"/>
        <line num="5" count="1" type="stmt"/>
        <line num="9" count="1" type="stmt"/>
        <line num="10" count="0" type="stmt"/>
      </file>
      <file name="20210531073556_albums.js" path="/Users/brenmurrell/dev/personal/vinylbase2/server/db/migrations/20210531073556_albums.js">
        <metrics statements="8" coveredstatements="7" conditionals="0" coveredconditionals="0" methods="3" coveredmethods="2"/>
        <line num="1" count="1" type="stmt"/>
        <line num="2" count="1" type="stmt"/>
        <line num="3" count="1" type="stmt"/>
        <line num="4" count="1" type="stmt"/>
        <line num="5" count="1" type="stmt"/>
        <line num="6" count="1" type="stmt"/>
        <line num="10" count="1" type="stmt"/>
        <line num="11" count="0" type="stmt"/>
      </file>
      <file name="20210531073746_users.js" path="/Users/brenmurrell/dev/personal/vinylbase2/server/db/migrations/20210531073746_users.js">
        <metrics statements="8" coveredstatements="7" conditionals="0" coveredconditionals="0" methods="3" coveredmethods="2"/>
        <line num="1" count="1" type="stmt"/>
        <line num="2" count="1" type="stmt"/>
        <line num="3" count="1" type="stmt"/>
        <line num="4" count="1" type="stmt"/>
        <line num="5" count="1" type="stmt"/>
        <line num="6" count="1" type="stmt"/>
        <line num="10" count="1" type="stmt"/>
        <line num="11" count="0" type="stmt"/>
      </file>
      <file name="20210531074249_user_albums.js" path="/Users/brenmurrell/dev/personal/vinylbase2/server/db/migrations/20210531074249_user_albums.js">
        <metrics statements="7" coveredstatements="6" conditionals="0" coveredconditionals="0" methods="3" coveredmethods="2"/>
        <line num="1" count="1" type="stmt"/>
        <line num="2" count="1" type="stmt"/>
        <line num="3" count="1" type="stmt"/>
        <line num="4" count="1" type="stmt"/>
        <line num="5" count="1" type="stmt"/>
        <line num="9" count="1" type="stmt"/>
        <line num="10" count="0" type="stmt"/>
      </file>
    </package>
    <package name="db.seeds">
      <metrics statements="16" coveredstatements="8" conditionals="2" coveredconditionals="1" methods="7" coveredmethods="5"/>
      <file name="01_artists.js" path="/Users/brenmurrell/dev/personal/vinylbase2/server/db/seeds/01_artists.js">
        <metrics statements="3" coveredstatements="3" conditionals="0" coveredconditionals="0" methods="2" coveredmethods="2"/>
        <line num="2" count="1" type="stmt"/>
        <line num="4" count="5" type="stmt"/>
        <line num="7" count="5" type="stmt"/>
      </file>
      <file name="02_albums.js" path="/Users/brenmurrell/dev/personal/vinylbase2/server/db/seeds/02_albums.js">
        <metrics statements="3" coveredstatements="3" conditionals="0" coveredconditionals="0" methods="2" coveredmethods="2"/>
        <line num="2" count="1" type="stmt"/>
        <line num="4" count="5" type="stmt"/>
        <line num="7" count="5" type="stmt"/>
      </file>
      <file name="z_sequence.js" path="/Users/brenmurrell/dev/personal/vinylbase2/server/db/seeds/z_sequence.js">
        <metrics statements="10" coveredstatements="2" conditionals="2" coveredconditionals="1" methods="3" coveredmethods="1"/>
        <line num="1" count="1" type="stmt"/>
        <line num="3" count="5" type="cond" truecount="1" falsecount="1"/>
        <line num="4" count="0" type="stmt"/>
        <line num="6" count="0" type="stmt"/>
        <line num="7" count="0" type="stmt"/>
        <line num="8" count="0" type="stmt"/>
        <line num="9" count="0" type="stmt"/>
        <line num="10" count="0" type="stmt"/>
        <line num="11" count="0" type="stmt"/>
        <line num="12" count="0" type="stmt"/>
      </file>
    </package>
  </project>
</coverage>
